<?xml version="1.0" encoding="UTF-8"?>
<!-- Generated by org.testng.reporters.JUnitReportReporter -->
<testsuite skipped="0" hostname="DESKTOP-R4SI2TC" name="seleniumMeths.Use_of_get_method1" tests="1" failures="0" timestamp="2022-06-26T19:08:33 EDT" time="5.178" errors="0">
  <testcase name="loginInfo" time="5.178" classname="seleniumMeths.Use_of_get_method1"/>
  <system-out/>
</testsuite> <!-- seleniumMeths.Use_of_get_method1 -->
