<?xml version="1.0" encoding="UTF-8"?>
<!-- Generated by org.testng.reporters.JUnitReportReporter -->
<testsuite skipped="1" hostname="DESKTOP-R4SI2TC" name="hw14.Use_of_click_method" tests="2" failures="0" timestamp="2022-06-27T16:50:42 EDT" time="5.146" errors="0">
  <testcase name="amazonPage" time="5.146" classname="hw14.Use_of_click_method"/>
  <system-out/>
  <testcase name="loginInfo" classname="hw14.Use_of_click_method">
    <skipped/>
  </testcase> <!-- loginInfo -->
  <system-out/>
</testsuite> <!-- hw14.Use_of_click_method -->
