<?xml version="1.0" encoding="UTF-8"?>
<!-- Generated by org.testng.reporters.JUnitReportReporter -->
<testsuite skipped="0" hostname="DESKTOP-R4SI2TC" name="hw14.Use_of_click_method" tests="1" failures="0" timestamp="2022-06-26T19:28:43 EDT" time="5.219" errors="0">
  <testcase name="loginInfo" time="5.219" classname="hw14.Use_of_click_method"/>
  <system-out/>
</testsuite> <!-- hw14.Use_of_click_method -->
